Дата вызова: 12.04.2023
Время вызова: 18:43:55.791992
Имя функции: get_headers
Аргументы: () {}
Результат: {'Accept': '*/*', 'Connection': 'keep-alive', 'User-Agent': 'Mozilla/5.0 (Windows NT 6.0) AppleWebKit/537.36 (KHTML, like Gecko) Chrome/64.0.3282.186 Safari/537.36'}

Дата вызова: 12.04.2023
Время вызова: 18:43:57.053759
Имя функции: get_headers
Аргументы: () {}
Результат: {'Accept': '*/*', 'Connection': 'keep-alive', 'User-Agent': 'Mozilla/5.0 (Windows NT 6.2) AppleWebKit/537.36 (KHTML, like Gecko) Chrome/68.0.3440.91 Safari/537.36'}

Дата вызова: 12.04.2023
Время вызова: 18:43:57.776561
Имя функции: get_headers
Аргументы: () {}
Результат: {'Accept': '*/*', 'Connection': 'keep-alive', 'User-Agent': 'Mozilla/5.0 (Windows NT 10.0; Win64; x64) AppleWebKit/537.36 (KHTML, like Gecko) Chrome/63.0.3239.111 Safari/537.36'}

Дата вызова: 12.04.2023
Время вызова: 18:43:58.432274
Имя функции: get_headers
Аргументы: () {}
Результат: {'Accept': '*/*', 'Connection': 'keep-alive', 'User-Agent': 'Mozilla/5.0 (Windows NT 6.0; WOW64) AppleWebKit/537.36 (KHTML, like Gecko) Chrome/70.0.3538.67 Safari/537.36'}

Дата вызова: 12.04.2023
Время вызова: 18:43:59.138125
Имя функции: get_headers
Аргументы: () {}
Результат: {'Accept': '*/*', 'Connection': 'keep-alive', 'User-Agent': 'Mozilla/5.0 (Windows NT 10.0; Win64; x64) AppleWebKit/537.36 (KHTML, like Gecko) Chrome/62.0.3202.84 Safari/537.36'}

Дата вызова: 12.04.2023
Время вызова: 18:43:59.811655
Имя функции: get_headers
Аргументы: () {}
Результат: {'Accept': '*/*', 'Connection': 'keep-alive', 'User-Agent': 'Mozilla/5.0 (Windows NT 6.2; Win64; x64) AppleWebKit/537.36 (KHTML, like Gecko) Chrome/60.0.3112.116 Safari/537.36'}

Дата вызова: 12.04.2023
Время вызова: 18:44:00.513181
Имя функции: get_headers
Аргументы: () {}
Результат: {'Accept': '*/*', 'Connection': 'keep-alive', 'User-Agent': 'Mozilla/5.0 (Windows NT 10.0; Win64; x64) AppleWebKit/537.36 (KHTML, like Gecko) Chrome/62.0.3202.84 Safari/537.36'}

Дата вызова: 12.04.2023
Время вызова: 18:44:01.295481
Имя функции: get_headers
Аргументы: () {}
Результат: {'Accept': '*/*', 'Connection': 'keep-alive', 'User-Agent': 'Mozilla/5.0 (Windows NT 6.0) AppleWebKit/537.36 (KHTML, like Gecko) Chrome/63.0.3239.111 Safari/537.36'}

Дата вызова: 12.04.2023
Время вызова: 18:44:01.935583
Имя функции: get_headers
Аргументы: () {}
Результат: {'Accept': '*/*', 'Connection': 'keep-alive', 'User-Agent': 'Mozilla/5.0 (Windows NT 10.0; Win64; x64) AppleWebKit/537.36 (KHTML, like Gecko) Chrome/63.0.3239.108 Safari/537.36'}

Дата вызова: 12.04.2023
Время вызова: 18:44:02.706845
Имя функции: get_headers
Аргументы: () {}
Результат: {'Accept': '*/*', 'Connection': 'keep-alive', 'User-Agent': 'Mozilla/5.0 (Windows NT 10.0; WOW64) AppleWebKit/537.36 (KHTML, like Gecko) Chrome/64.0.3282.167 Safari/537.36'}

Дата вызова: 12.04.2023
Время вызова: 18:44:03.501368
Имя функции: get_headers
Аргументы: () {}
Результат: {'Accept': '*/*', 'Connection': 'keep-alive', 'User-Agent': 'Mozilla/5.0 (Windows NT 6.0) AppleWebKit/537.36 (KHTML, like Gecko) Chrome/70.0.3538.110 Safari/537.36'}

Дата вызова: 12.04.2023
Время вызова: 18:44:04.138056
Имя функции: get_headers
Аргументы: () {}
Результат: {'Accept': '*/*', 'Connection': 'keep-alive', 'User-Agent': 'Mozilla/5.0 (Windows NT 10.0; WOW64) AppleWebKit/537.36 (KHTML, like Gecko) Chrome/61.0.3163.100 Safari/537.36'}

Дата вызова: 12.04.2023
Время вызова: 18:44:04.991972
Имя функции: get_headers
Аргументы: () {}
Результат: {'Accept': '*/*', 'Connection': 'keep-alive', 'User-Agent': 'Mozilla/5.0 (Windows NT 6.1) AppleWebKit/537.36 (KHTML, like Gecko) Chrome/73.0.3683 Safari/537.36'}

Дата вызова: 12.04.2023
Время вызова: 18:44:05.708573
Имя функции: get_headers
Аргументы: () {}
Результат: {'Accept': '*/*', 'Connection': 'keep-alive', 'User-Agent': 'Mozilla/5.0 (Windows NT 6.0) AppleWebKit/537.36 (KHTML, like Gecko) Chrome/70.0.3538.67 Safari/537.36'}

Дата вызова: 12.04.2023
Время вызова: 18:44:06.384963
Имя функции: get_headers
Аргументы: () {}
Результат: {'Accept': '*/*', 'Connection': 'keep-alive', 'User-Agent': 'Mozilla/5.0 (Windows NT 10.0; WOW64) AppleWebKit/537.36 (KHTML, like Gecko) Chrome/68.0.3440.91 Safari/537.36'}

Дата вызова: 12.04.2023
Время вызова: 18:44:07.135700
Имя функции: get_headers
Аргументы: () {}
Результат: {'Accept': '*/*', 'Connection': 'keep-alive', 'User-Agent': 'Mozilla/5.0 (Windows NT 10.0; Win64; x64) AppleWebKit/537.36 (KHTML, like Gecko) Chrome/62.0.3202.84 Safari/537.36'}

Дата вызова: 12.04.2023
Время вызова: 18:44:07.740888
Имя функции: get_headers
Аргументы: () {}
Результат: {'Accept': '*/*', 'Connection': 'keep-alive', 'User-Agent': 'Mozilla/5.0 (Windows NT 6.1) AppleWebKit/537.36 (KHTML, like Gecko) Chrome/62.0.3202.94 Safari/537.36'}

Дата вызова: 12.04.2023
Время вызова: 18:44:08.577428
Имя функции: get_headers
Аргументы: () {}
Результат: {'Accept': '*/*', 'Connection': 'keep-alive', 'User-Agent': 'Mozilla/5.0 (Windows NT 10.0; WOW64) AppleWebKit/537.36 (KHTML, like Gecko) Chrome/73.0.3683 Safari/537.36'}

Дата вызова: 12.04.2023
Время вызова: 18:44:09.411413
Имя функции: get_headers
Аргументы: () {}
Результат: {'Accept': '*/*', 'Connection': 'keep-alive', 'User-Agent': 'Mozilla/5.0 (Windows NT 6.1; Win64; x64) AppleWebKit/537.36 (KHTML, like Gecko) Chrome/64.0.3282.137 Safari/537.36'}

Дата вызова: 12.04.2023
Время вызова: 18:44:10.175149
Имя функции: get_headers
Аргументы: () {}
Результат: {'Accept': '*/*', 'Connection': 'keep-alive', 'User-Agent': 'Mozilla/5.0 (Windows NT 6.3) AppleWebKit/537.36 (KHTML, like Gecko) Chrome/66.0.3359.158 Safari/537.36'}

Дата вызова: 12.04.2023
Время вызова: 18:44:10.862778
Имя функции: get_headers
Аргументы: () {}
Результат: {'Accept': '*/*', 'Connection': 'keep-alive', 'User-Agent': 'Mozilla/5.0 (Windows NT 10.0; WOW64) AppleWebKit/537.36 (KHTML, like Gecko) Chrome/66.0.3359.117 Safari/537.36'}

