Дата вызова: 12.04.2023
Время вызова: 17:45:24.379885
Имя функции: hello_world
Аргументы: () {}
Результат: Hello World

Дата вызова: 12.04.2023
Время вызова: 17:45:24.380887
Имя функции: summator
Аргументы: (2, 2) {}
Результат: 4

Дата вызова: 12.04.2023
Время вызова: 17:45:24.380887
Имя функции: div
Аргументы: (6, 2) {}
Результат: 3.0

Дата вызова: 12.04.2023
Время вызова: 17:45:24.380887
Имя функции: summator
Аргументы: (4.3,) {'b': 2.2}
Результат: 6.5

Дата вызова: 12.04.2023
Время вызова: 17:45:24.381886
Имя функции: summator
Аргументы: () {'a': 0, 'b': 0}
Результат: 0

